
Showing logs for build [32mcb-kubecd-environment-pr-584-6-cfsnq-1[0m stage [32mfrom-build-pack[0m and container [32mcredential-initializer[0m
{"level":"info","ts":1594735617.232702,"caller":"creds-init/main.go:44","msg":"Credentials initialized."}

Showing logs for build [32mcb-kubecd-environment-pr-584-6-cfsnq-1[0m stage [32mfrom-build-pack[0m and container [32mworking-dir-initializer[0m

Showing logs for build [32mcb-kubecd-environment-pr-584-6-cfsnq-1[0m stage [32mfrom-build-pack[0m and container [32mplace-tools[0m

Showing logs for build [32mcb-kubecd-environment-pr-584-6-cfsnq-1[0m stage [32mfrom-build-pack[0m and container [32mstep-git-source-cb-kubecd-environment-pr-584-6-cfsnq-b9djp[0m
{"level":"info","ts":1594735625.4447684,"caller":"git/git.go:105","msg":"Successfully cloned https://github.com/cb-kubecd/environment-pr-584-6-bdd-frontend-staging.git @ master in path /workspace/source"}
{"level":"warn","ts":1594735625.4448626,"caller":"git/git.go:152","msg":"Unexpected error: creating symlink: symlink /tekton/home/.ssh /root/.ssh: file exists"}
{"level":"info","ts":1594735625.4883654,"caller":"git/git.go:133","msg":"Successfully initialized and updated submodules in path /workspace/source"}

Showing logs for build [32mcb-kubecd-environment-pr-584-6-cfsnq-1[0m stage [32mfrom-build-pack[0m and container [32mstep-setup-builder-home[0m

Showing logs for build [32mcb-kubecd-environment-pr-584-6-cfsnq-1[0m stage [32mfrom-build-pack[0m and container [32mstep-git-merge[0m
Using SHAs from PULL_REFS=master:c3bd6b4d5f97f6ab96989d884138a83c7aacb90d,1:b5ea69da51b85d70788a61a63178e4e58fe48372
DEBUG: LC_ALL=C JX_LOG_LEVEL=error git fetch origin --unshallow b5ea69da51b85d70788a61a63178e4e58fe48372: c3bd6b4d5f97f6ab96989d884138a83c7aacb90d:
DEBUG: ran git fetch --unshallow origin b5ea69da51b85d70788a61a63178e4e58fe48372: c3bd6b4d5f97f6ab96989d884138a83c7aacb90d: in 
DEBUG: LC_ALL=C JX_LOG_LEVEL=error git branch
DEBUG: LC_ALL=C JX_LOG_LEVEL=error git checkout master
DEBUG: ran git checkout master in 
DEBUG: LC_ALL=C JX_LOG_LEVEL=error git reset --hard c3bd6b4d5f97f6ab96989d884138a83c7aacb90d
DEBUG: ran git reset --hard c3bd6b4d5f97f6ab96989d884138a83c7aacb90d in 
DEBUG: LC_ALL=C JX_LOG_LEVEL=error git clean -fd .
DEBUG: ran clean --force -d . in 
DEBUG: LC_ALL=C JX_LOG_LEVEL=error git merge b5ea69da51b85d70788a61a63178e4e58fe48372
DEBUG: ran git merge b5ea69da51b85d70788a61a63178e4e58fe48372 in 
DEBUG: LC_ALL=C JX_LOG_LEVEL=error git log --format=%H%x1f%an%x1f%ae%x1f%cn%x1f%ce%x1f%s%n%b%x1e c3bd6b4d5f97f6ab96989d884138a83c7aacb90d..HEAD
Merged SHA b5ea69da51b85d70788a61a63178e4e58fe48372 with commit message 'chore: Promote bdd-nh-1594734531 to version 0.0.1' into base branch master

Showing logs for build [32mcb-kubecd-environment-pr-584-6-cfsnq-1[0m stage [32mfrom-build-pack[0m and container [32mstep-build-helm-build[0m
WARNING: No $CHART_REPOSITORY defined so using the default value of: http://jenkins-x-chartmuseum:8080
Adding missing Helm repo: storage.googleapis.com https://storage.googleapis.com/chartmuseum.jenkins-x.io
WARNING: No secrets found on "helm/repos" due: reading the secret "helm/repos" from vault: no secret "helm/repos" not found in vault
Read credentials for https://storage.googleapis.com/chartmuseum.jenkins-x.io from vault helm/repos
Successfully added Helm repository storage.googleapis.com.
Adding missing Helm repo: jenkins-x-chartmuseum http://jenkins-x-chartmuseum:8080
WARNING: No secrets found on "helm/repos" due: reading the secret "helm/repos" from vault: no secret "helm/repos" not found in vault
Read credentials for http://jenkins-x-chartmuseum:8080 from vault helm/repos
Successfully added Helm repository jenkins-x-chartmuseum.
WARNING: No $CHART_REPOSITORY defined so using the default value of: http://jenkins-x-chartmuseum:8080
Adding missing Helm repo: chartmuseum.jenkins-x.io http://chartmuseum.jenkins-x.io
WARNING: No secrets found on "helm/repos" due: reading the secret "helm/repos" from vault: no secret "helm/repos" not found in vault
Read credentials for http://chartmuseum.jenkins-x.io from vault helm/repos
Successfully added Helm repository chartmuseum.jenkins-x.io.
